This file contains any messages produced by compilers while
running configure, to aid debugging if configure makes a mistake.

It was created by configure, which was
generated by GNU Autoconf 2.52.20141204.  Invocation command line was

  $ configure --with-shared --without-normal --without-debug --enable-termcap --enable-widec --with-abi-version=5.4 --without-cxx-binding --without-cxx --mandir=/usr/share/man --datarootdir=/usr/share

## ---------- ##
## Platform.  ##
## ---------- ##

hostname = mini.local
uname -m = x86_64
uname -r = 22.0.0
uname -s = Darwin
uname -v = Darwin Kernel Version 22.0.0: Tue Jun 28 20:46:48 PDT 2022; root:xnu-8792.0.134.131.2~1/DEVELOPMENT_X86_64

/usr/bin/uname -p = i386
/bin/uname -X     = unknown

/bin/arch              = unknown
/usr/bin/arch -k       = unknown
/usr/convex/getsysinfo = unknown
hostinfo               = Mach kernel version:
	 Darwin Kernel Version 22.0.0: Tue Jun 28 20:46:48 PDT 2022; root:xnu-8792.0.134.131.2~1/DEVELOPMENT_X86_64
Kernel configured for up to 6 processors.
6 processors are physically available.
6 processors are logically available.
Processor type: x86_64h (Intel x86-64h Haswell)
Processors active: 0 1 2 3 4 5
Primary memory available: 8.00 gigabytes
Default processor set: 631 tasks, 2134 threads, 6 processors
Load average: 2.48, Mach factor: 3.50
/bin/machine           = unknown
/usr/bin/oslevel       = unknown
/bin/universe          = unknown

PATH = /Users/kevans/bin:/usr/local/bin:/System/Cryptexes/App/usr/bin:/usr/bin:/bin:/usr/sbin:/sbin:/opt/appleinternal/bin:/opt/apple/bin:/usr/appleinternal/bin:/private/var/tanuki:/opt/xbs/bin:/Library/Apple/usr/bin:/opt/brew/bin:/Users/kevans/bin

## ------------ ##
## Core tests.  ##
## ------------ ##

configure:1125: PATH=".;."; conftest.sh
configure: line 1126: conftest.sh: command not found
configure:1128: $? = 127
configure:1141: checking for egrep
configure:1151: result: grep -E
configure:1165: result: Configuring NCURSES 6.0 ABI 6 (Mon Jan 23 00:11:29 CST 2023)
configure:1169: checking for package version
configure:1190: result: 6.0
configure:1193: checking for package patch date
configure:1210: result: 20150808
configure:1221: testing ABI VERSION 5:0:9 ...
configure:1225: testing VERSION_MAJOR 6 ...
configure:1229: testing VERSION_MINOR 0 ...
configure:1233: testing VERSION_PATCH 20150808 ...
configure:1305: WARNING: overriding ABI version 6 to 5.4
configure:1375: checking build system type
configure:1393: result: x86_64-apple-darwin22.0.0
configure:1400: checking host system type
configure:1414: result: x86_64-apple-darwin22.0.0
configure:1422: checking target system type
configure:1436: result: x86_64-apple-darwin22.0.0
configure:1468: result: Configuring for darwin22.0.0
configure:1494: checking for prefix
configure:1506: result: /usr/local
configure:1634: checking for gnatgcc
configure:1660: result: no
configure:1634: checking for gcc
configure:1649: found /usr/bin/gcc
configure:1657: result: gcc
configure:1675: checking for C compiler version
configure:1678: gcc --version </dev/null >&5
Apple clang version 14.0.3 (clang-1403.0.14.5)
Target: x86_64-apple-darwin22.0.0
Thread model: posix
InstalledDir: /Applications/Xcode.app/Contents/Developer/Toolchains/XcodeDefault.xctoolchain/usr/bin
configure:1681: $? = 0
configure:1683: gcc -v </dev/null >&5
Apple clang version 14.0.3 (clang-1403.0.14.5)
Target: x86_64-apple-darwin22.0.0
Thread model: posix
InstalledDir: /Applications/Xcode.app/Contents/Developer/Toolchains/XcodeDefault.xctoolchain/usr/bin
configure:1686: $? = 0
configure:1688: gcc -V </dev/null >&5
clang: error: argument to '-V' is missing (expected 1 value)
clang: error: no input files
configure:1691: $? = 1
configure:1711: checking for C compiler default output
configure:1714: gcc    conftest.c  >&5
configure:1717: $? = 0
configure:1746: result: a.out
configure:1751: checking whether the C compiler works
configure:1757: ./a.out
configure:1760: $? = 0
configure:1775: result: yes
configure:1782: checking whether we are cross compiling
configure:1784: result: no
configure:1787: checking for executable suffix
configure:1789: gcc -o conftest    conftest.c  >&5
configure:1792: $? = 0
configure:1814: result: 
configure:1820: checking for object suffix
configure:1838: gcc -c   conftest.c >&5
configure:1841: $? = 0
configure:1860: result: o
configure:1864: checking whether we are using the GNU C compiler
configure:1885: gcc -c   conftest.c >&5
configure:1888: $? = 0
configure:1891: test -s conftest.o
configure:1894: $? = 0
configure:1906: result: yes
configure:1912: checking whether gcc accepts -g
configure:1930: gcc -c -g  conftest.c >&5
configure:1933: $? = 0
configure:1936: test -s conftest.o
configure:1939: $? = 0
configure:1949: result: yes
configure:1976: gcc -c -g -O2  conftest.c >&5
conftest.c:2:3: error: unknown type name 'choke'
  choke me
  ^
conftest.c:2:11: error: expected ';' after top level declarator
  choke me
          ^
          ;
2 errors generated.
configure:1979: $? = 1
configure: failed program was:
#ifndef __cplusplus
  choke me
#endif
configure:2080: checking version of gcc
configure:2084: result: 14.0.3
configure:2088: checking for gcc option to accept ANSI C
configure:2145: gcc  -c -g -O2  conftest.c >&5
configure:2104:14: warning: a function declaration without a prototype is deprecated in all versions of C and is not supported in C2x [-Wdeprecated-non-prototype]
static char *e (p, i)
             ^
1 warning generated.
configure:2148: $? = 0
configure:2151: test -s conftest.o
configure:2154: $? = 0
configure:2171: result: none needed
configure:2182: checking $CC variable
configure:2274: result: ok
configure:2285: checking how to run the C preprocessor
configure:2311: gcc -E  conftest.c
configure:2317: $? = 0
configure:2344: gcc -E  conftest.c
configure:2341:10: fatal error: 'ac_nonexistent.h' file not found
#include <ac_nonexistent.h>
         ^~~~~~~~~~~~~~~~~~
1 error generated.
configure:2350: $? = 1
configure: failed program was:
#line 2340 "configure"
#include "confdefs.h"
#include <ac_nonexistent.h>
configure:2387: result: gcc -E
configure:2402: gcc -E  conftest.c
configure:2408: $? = 0
configure:2435: gcc -E  conftest.c
configure:2432:10: fatal error: 'ac_nonexistent.h' file not found
#include <ac_nonexistent.h>
         ^~~~~~~~~~~~~~~~~~
1 error generated.
configure:2441: $? = 1
configure: failed program was:
#line 2431 "configure"
#include "confdefs.h"
#include <ac_nonexistent.h>
configure:2482: checking whether gcc needs -traditional
configure:2505:10: fatal error: 'termio.h' file not found
#include <termio.h>
         ^~~~~~~~~~
1 error generated.
configure:2517: result: no
configure:2524: checking whether gcc understands -c and -o together
configure:2540: gcc -c conftest.c -o conftest2.o >&5
configure:2543: $? = 0
configure:2545: gcc -c conftest.c -o conftest2.o >&5
configure:2548: $? = 0
configure:2559: result: yes
configure:2576: checking for ldconfig
configure:2607: result: no
configure:2615: checking if you want to ensure bool is consistent with C++
configure:2625: result: no
configure:3067: checking if you want to build C++ binding and demo
configure:3077: result: no
configure:3080: checking if you want to build with Ada95
configure:3082: result: yes
configure:3085: checking if you want to install terminal database
configure:3095: result: yes
configure:3098: checking if you want to install manpages
configure:3108: result: yes
configure:3111: checking if you want to build programs such as tic
configure:3121: result: yes
configure:3124: checking if you want to build test-programs
configure:3134: result: yes
configure:3137: checking if you wish to install curses.h
configure:3147: result: yes
configure:3173: checking for mawk
configure:3199: result: no
configure:3173: checking for gawk
configure:3199: result: no
configure:3173: checking for nawk
configure:3199: result: no
configure:3173: checking for awk
configure:3188: found /usr/bin/awk
configure:3196: result: awk
configure:3210: checking for egrep
configure:3220: result: grep -E
configure:3240: checking for a BSD compatible install
configure:3289: result: /usr/bin/install -c
configure:3314: checking for tdlint
configure:3340: result: no
configure:3314: checking for lint
configure:3340: result: no
configure:3314: checking for alint
configure:3340: result: no
configure:3314: checking for splint
configure:3340: result: no
configure:3314: checking for lclint
configure:3340: result: no
configure:3347: checking whether ln -s works
configure:3351: result: yes
configure:3358: checking if ln -s -f options work
configure:3370: result: yes
configure:3375: checking for long file names
configure:3414: result: yes
configure:3426: checking if you want to use pkg-config
configure:3436: result: yes
configure:3488: checking for pkg-config
configure:3505: found /opt/brew/bin/pkg-config
configure:3517: result: /opt/brew/bin/pkg-config
configure:3577: checking for /opt/brew/bin/pkg-config library directory
configure:3629: testing list... ...
configure:3635: testing checking /opt/brew/lib/*-linux-gnu/pkgconfig ...
configure:3635: testing checking /opt/brew/share/pkgconfig ...
configure:3640: checking done
configure:3651: result: /opt/brew/share/pkgconfig
configure:3657: checking if we should install .pc files for /opt/brew/bin/pkg-config
configure:3671: result: no
configure:3745: checking if we should assume mixed-case filenames
configure:3755: result: auto
configure:3759: checking if filesystem supports mixed-case filenames
configure:3786: result: no
configure:3805: checking whether make sets ${MAKE}
configure:3825: result: yes
configure:3838: checking for exctags
configure:3864: result: no
configure:3838: checking for ctags
configure:3853: found /usr/bin/ctags
configure:3861: result: ctags
configure:3875: checking for exetags
configure:3901: result: no
configure:3875: checking for etags
configure:3901: result: no
configure:3910: checking for ctags
configure:3925: found /usr/bin/ctags
configure:3934: result: yes
configure:3991: checking for makeflags variable
configure:4025: result: 
configure:4066: checking for ranlib
configure:4081: found /usr/bin/ranlib
configure:4090: result: ranlib
configure:4140: checking for ld
configure:4155: found /usr/bin/ld
configure:4164: result: ld
configure:4214: checking for ar
configure:4229: found /usr/bin/ar
configure:4238: result: ar
configure:4288: checking for nm
configure:4303: found /usr/bin/nm
configure:4312: result: nm
configure:4362: checking for ar
configure:4386: result: ar
configure:4398: checking for options to update archives
configure:4424: gcc -c -g -O2  conftest.c >&5
configure:4427: $? = 0
ar  -curv conftest.a conftest.o
configure:4446: result: -curv
configure:4457: checking if you have specified an install-prefix
configure:4470: result: 
configure:4626: checking if libtool -version-number should be used
configure:4643: result: yes
configure:4692: checking if you want to build libraries with libtool
configure:4702: result: no
configure:5000: checking if you want to build shared libraries
configure:5010: result: yes
configure:5014: checking if you want to build static libraries
configure:5024: result: no
configure:5028: checking if you want to build debug libraries
configure:5038: result: no
configure:5042: checking if you want to build profiling libraries
configure:5052: result: no
configure:5077: checking for specified models
configure:5081: result:  shared
configure:5086: checking for default model
configure:5089: result: shared
configure:5103: checking if you want to have a library-prefix
configure:5113: result: auto
configure:5137: checking for PATH separator
configure:5144: result: :
configure:5149: checking if you want to build a separate terminfo library
configure:5159: result: no
configure:5162: checking if you want to build a separate tic library
configure:5172: result: no
configure:5178: checking if you want to link with the GPM mouse library
configure:5188: result: maybe
configure:5192: checking for gpm.h
configure:5202: gcc -E  conftest.c
configure:5199:10: fatal error: 'gpm.h' file not found
#include <gpm.h>
         ^~~~~~~
1 error generated.
configure:5208: $? = 1
configure: failed program was:
#line 5198 "configure"
#include "confdefs.h"
#include <gpm.h>
configure:5227: result: no
configure:5802: checking for default loader flags
configure:5811: result: 
configure:5817: checking if rpath option should be used
configure:5827: result: no
configure:5830: checking if shared libraries should be relinked during install
configure:5840: result: yes
configure:5849: checking for an rpath option
configure:5880: result: 
configure:5958: checking if release/abi version should be used for shared libs
configure:5982: result: auto
configure:5992: checking which gcc option to use
configure:6011: gcc -c -g -O2 -fPIC  conftest.c >&5
configure:6014: $? = 0
configure:6017: test -s conftest.o
configure:6020: $? = 0
configure:6029: result: -fPIC
configure:6100: checking if ld -search_paths_first works
configure:6121: gcc -o conftest -g -O2   -Wl,-search_paths_first conftest.c  >&5
configure:6124: $? = 0
configure:6127: test -s conftest
configure:6130: $? = 0
configure:6141: result: yes
configure:6446: checking if CFLAGS option -no-cpp-precomp works
configure:6448: gcc -c -g -O2 -no-cpp-precomp  conftest.c >&5
configure:6451: $? = 0
configure:6453: result: yes
configure:6472: testing CC_SHARED_OPTS: -dynamic ...
configure:6476: testing MK_SHARED_LIB:  ${CC} ${CFLAGS} -dynamiclib -install_name ${libdir}/`basename $@` -compatibility_version ${ABI_VERSION} -current_version ${ABI_VERSION} -o $@ ...
configure:6534: checking if versioned-symbols file should be used
configure:6549: result: no
configure:6668: checking if you want to disable library suffixes
configure:6685: result: no
configure:6691: checking if rpath-hack should be disabled
configure:6708: result: no
configure:6712: checking for updated LDFLAGS
configure:6938: result: no
configure:6949: checking if you wish to append extra suffix to header/library paths
configure:6968: result: 
configure:6972: checking if you wish to install ncurses overwriting curses
configure:6982: result: no
configure:6985: checking if external terminfo-database is used
configure:6995: result: yes
configure:7011: checking which terminfo source-file will be installed
configure:7019: result: ${top_srcdir}/misc/terminfo.src
configure:7022: checking whether to use hashed database instead of directory/tree
configure:7032: result: no
configure:7038: checking for list of fallback descriptions
configure:7048: result: 
configure:7052: checking if you want modern xterm or antique
configure:7066: result: xterm-new
configure:7070: checking if xterm backspace sends BS or DEL
configure:7091: result: BS
configure:7101: checking for list of terminfo directories
configure:7164: result: /usr/share/terminfo
configure:7171: checking for default terminfo directory
configure:7216: result: /usr/share/terminfo
configure:7227: checking if big-core option selected
configure:7253: gcc -o conftest -g -O2 -no-cpp-precomp   -Wl,-search_paths_first conftest.c  >&5
configure:7256: $? = 0
configure:7258: ./conftest
configure:7261: $? = 0
configure:7273: result: yes
configure:7283: checking if big-strings option selected
configure:7307: result: yes
configure:7314: checking if you want termcap-fallback support
configure:7324: result: yes
configure:7350: checking for list of termcap files
configure:7413: result: /etc/termcap:/usr/share/misc/termcap
configure:7421: checking if fast termcap-loader is needed
configure:7431: result: no
configure:7438: checking if translated termcaps will be cached in ~/.terminfo
configure:7448: result: no
configure:7458: checking if ~/.terminfo is wanted
configure:7468: result: yes
configure:7475: checking if you want to use restricted environment when running as root
configure:7485: result: yes
configure:7500: checking for remove
configure:7537: gcc -o conftest -g -O2 -no-cpp-precomp   -Wl,-search_paths_first conftest.c  >&5
configure:7540: $? = 0
configure:7543: test -s conftest
configure:7546: $? = 0
configure:7556: result: yes
configure:7500: checking for unlink
configure:7537: gcc -o conftest -g -O2 -no-cpp-precomp   -Wl,-search_paths_first conftest.c  >&5
configure:7540: $? = 0
configure:7543: test -s conftest
configure:7546: $? = 0
configure:7556: result: yes
configure:7640: checking if link/symlink functions work
configure:7683: gcc -o conftest -g -O2 -no-cpp-precomp   -Wl,-search_paths_first conftest.c  >&5
configure:7669:10: error: call to undeclared function 'link'; ISO C99 and later do not support implicit function declarations [-Wimplicit-function-declaration]
        fail = (link("config.log", "conftest.chk") < 0)
                ^
configure:7673:2: error: call to undeclared function 'unlink'; ISO C99 and later do not support implicit function declarations [-Wimplicit-function-declaration]
        unlink(dst);
        ^
2 errors generated.
configure:7686: $? = 1
configure: program exited with status 1
configure: failed program was:
#line 7653 "configure"
#include "confdefs.h"

#include <sys/types.h>
#include <sys/stat.h>
#ifdef HAVE_UNISTD_H
#include <unistd.h>
#endif
int main()
{
	int fail = 0;
	char *src = "config.log";
	char *dst = "conftest.chk";
	struct stat src_sb;
	struct stat dst_sb;

	stat(src, &src_sb);
	fail = (link("config.log", "conftest.chk") < 0)
	    || (stat(dst, &dst_sb) < 0)
	    || (dst_sb.st_mtime != src_sb.st_mtime);
#ifdef HAVE_UNLINK
	unlink(dst);
#else
	remove(dst);
#endif
	return (fail);
}

configure:7683: gcc -o conftest -g -O2 -no-cpp-precomp   -Wl,-search_paths_first conftest.c  >&5
configure:7669:10: error: call to undeclared function 'symlink'; ISO C99 and later do not support implicit function declarations [-Wimplicit-function-declaration]
        fail = (symlink("config.log", "conftest.chk") < 0)
                ^
configure:7673:2: error: call to undeclared function 'unlink'; ISO C99 and later do not support implicit function declarations [-Wimplicit-function-declaration]
        unlink(dst);
        ^
2 errors generated.
configure:7686: $? = 1
configure: program exited with status 1
configure: failed program was:
#line 7653 "configure"
#include "confdefs.h"

#include <sys/types.h>
#include <sys/stat.h>
#ifdef HAVE_UNISTD_H
#include <unistd.h>
#endif
int main()
{
	int fail = 0;
	char *src = "config.log";
	char *dst = "conftest.chk";
	struct stat src_sb;
	struct stat dst_sb;

	stat(src, &src_sb);
	fail = (symlink("config.log", "conftest.chk") < 0)
	    || (stat(dst, &dst_sb) < 0)
	    || (dst_sb.st_mtime != src_sb.st_mtime);
#ifdef HAVE_UNLINK
	unlink(dst);
#else
	remove(dst);
#endif
	return (fail);
}

configure:7709: result: no
configure:7746: checking if tic should use hard links
configure:7753: result: no
configure:7768: checking if you want broken-linker support code
configure:7778: result: no
configure:7807: checking if tputs should process BSD-style prefix padding
configure:7817: result: no
configure:8731: testing add to $CPPFLAGS  -D_DARWIN_C_SOURCE ...
configure:9017: checking if SIGWINCH is defined
configure:9039: gcc -c -g -O2 -no-cpp-precomp   -D_DARWIN_C_SOURCE conftest.c >&5
configure:9042: $? = 0
configure:9045: test -s conftest.o
configure:9048: $? = 0
configure:9096: result: yes
configure:9166: checking for nl_langinfo and CODESET
configure:9184: gcc -o conftest -g -O2 -no-cpp-precomp   -D_DARWIN_C_SOURCE  -Wl,-search_paths_first conftest.c  >&5
configure:9187: $? = 0
configure:9190: test -s conftest
configure:9193: $? = 0
configure:9204: result: yes
configure:9218: checking if you want wide-character code
configure:9228: result: yes
configure:9243: checking if wchar.h can be used as is
configure:9267: gcc -c -g -O2 -no-cpp-precomp   -D_DARWIN_C_SOURCE conftest.c >&5
configure:9270: $? = 0
configure:9273: test -s conftest.o
configure:9276: $? = 0
configure:9286: result: yes
configure:9388: checking for putwc
configure:9425: gcc -o conftest -g -O2 -no-cpp-precomp   -D_DARWIN_C_SOURCE  -Wl,-search_paths_first conftest.c  >&5
configure:9428: $? = 0
configure:9431: test -s conftest
configure:9434: $? = 0
configure:9444: result: yes
configure:9388: checking for btowc
configure:9425: gcc -o conftest -g -O2 -no-cpp-precomp   -D_DARWIN_C_SOURCE  -Wl,-search_paths_first conftest.c  >&5
configure:9428: $? = 0
configure:9431: test -s conftest
configure:9434: $? = 0
configure:9444: result: yes
configure:9388: checking for wctob
configure:9425: gcc -o conftest -g -O2 -no-cpp-precomp   -D_DARWIN_C_SOURCE  -Wl,-search_paths_first conftest.c  >&5
configure:9428: $? = 0
configure:9431: test -s conftest
configure:9434: $? = 0
configure:9444: result: yes
configure:9388: checking for mbtowc
configure:9425: gcc -o conftest -g -O2 -no-cpp-precomp   -D_DARWIN_C_SOURCE  -Wl,-search_paths_first conftest.c  >&5
configure:9428: $? = 0
configure:9431: test -s conftest
configure:9434: $? = 0
configure:9444: result: yes
configure:9388: checking for wctomb
configure:9425: gcc -o conftest -g -O2 -no-cpp-precomp   -D_DARWIN_C_SOURCE  -Wl,-search_paths_first conftest.c  >&5
configure:9428: $? = 0
configure:9431: test -s conftest
configure:9434: $? = 0
configure:9444: result: yes
configure:9388: checking for mblen
configure:9425: gcc -o conftest -g -O2 -no-cpp-precomp   -D_DARWIN_C_SOURCE  -Wl,-search_paths_first conftest.c  >&5
configure:9428: $? = 0
configure:9431: test -s conftest
configure:9434: $? = 0
configure:9444: result: yes
configure:9388: checking for mbrlen
configure:9425: gcc -o conftest -g -O2 -no-cpp-precomp   -D_DARWIN_C_SOURCE  -Wl,-search_paths_first conftest.c  >&5
configure:9428: $? = 0
configure:9431: test -s conftest
configure:9434: $? = 0
configure:9444: result: yes
configure:9388: checking for mbrtowc
configure:9425: gcc -o conftest -g -O2 -no-cpp-precomp   -D_DARWIN_C_SOURCE  -Wl,-search_paths_first conftest.c  >&5
configure:9428: $? = 0
configure:9431: test -s conftest
configure:9434: $? = 0
configure:9444: result: yes
configure:9388: checking for wcsrtombs
configure:9425: gcc -o conftest -g -O2 -no-cpp-precomp   -D_DARWIN_C_SOURCE  -Wl,-search_paths_first conftest.c  >&5
configure:9428: $? = 0
configure:9431: test -s conftest
configure:9434: $? = 0
configure:9444: result: yes
configure:9388: checking for mbsrtowcs
configure:9425: gcc -o conftest -g -O2 -no-cpp-precomp   -D_DARWIN_C_SOURCE  -Wl,-search_paths_first conftest.c  >&5
configure:9428: $? = 0
configure:9431: test -s conftest
configure:9434: $? = 0
configure:9444: result: yes
configure:9388: checking for wcstombs
configure:9425: gcc -o conftest -g -O2 -no-cpp-precomp   -D_DARWIN_C_SOURCE  -Wl,-search_paths_first conftest.c  >&5
configure:9428: $? = 0
configure:9431: test -s conftest
configure:9434: $? = 0
configure:9444: result: yes
configure:9388: checking for mbstowcs
configure:9425: gcc -o conftest -g -O2 -no-cpp-precomp   -D_DARWIN_C_SOURCE  -Wl,-search_paths_first conftest.c  >&5
configure:9428: $? = 0
configure:9431: test -s conftest
configure:9434: $? = 0
configure:9444: result: yes
configure:10011: checking if we must include wchar.h to declare mbstate_t
configure:10036: gcc -c -g -O2 -no-cpp-precomp   -D_DARWIN_C_SOURCE conftest.c >&5
configure:10029:1: error: unknown type name 'mbstate_t'; did you mean '__mbstate_t'?
mbstate_t state
^~~~~~~~~
__mbstate_t
/Library/Developer/CommandLineTools/SDKs/MacOSX13.0.sdk/usr/include/i386/_types.h:81:3: note: '__mbstate_t' declared here
} __mbstate_t;
  ^
1 error generated.
configure:10039: $? = 1
configure: failed program was:
#line 10018 "configure"
#include "confdefs.h"

#include <stdlib.h>
#include <stdarg.h>
#include <stdio.h>
#ifdef HAVE_LIBUTF8_H
#include <libutf8.h>
#endif
int
main ()
{
mbstate_t state
  ;
  return 0;
}
configure:10071: gcc -c -g -O2 -no-cpp-precomp   -D_DARWIN_C_SOURCE conftest.c >&5
configure:10074: $? = 0
configure:10077: test -s conftest.o
configure:10080: $? = 0
configure:10092: result: yes
configure:10110: checking if we must include wchar.h to declare wchar_t
configure:10135: gcc -c -g -O2 -no-cpp-precomp   -D_DARWIN_C_SOURCE conftest.c >&5
configure:10138: $? = 0
configure:10141: test -s conftest.o
configure:10144: $? = 0
configure:10191: result: no
configure:10214: checking if we must include wchar.h to declare wint_t
configure:10239: gcc -c -g -O2 -no-cpp-precomp   -D_DARWIN_C_SOURCE conftest.c >&5
configure:10232:7: error: expected ';' after expression
wint_t state
      ^
      ;
configure:10232:1: error: use of undeclared identifier 'wint_t'
wint_t state
^
configure:10232:8: error: use of undeclared identifier 'state'
wint_t state
       ^
3 errors generated.
configure:10242: $? = 1
configure: failed program was:
#line 10221 "configure"
#include "confdefs.h"

#include <stdlib.h>
#include <stdarg.h>
#include <stdio.h>
#ifdef HAVE_LIBUTF8_H
#include <libutf8.h>
#endif
int
main ()
{
wint_t state
  ;
  return 0;
}
configure:10274: gcc -c -g -O2 -no-cpp-precomp   -D_DARWIN_C_SOURCE conftest.c >&5
configure:10277: $? = 0
configure:10280: test -s conftest.o
configure:10283: $? = 0
configure:10295: result: yes
configure:10327: checking whether to enable _LP64 definition in curses.h
configure:10337: result: no
configure:10353: checking for special C compiler options needed for large files
configure:10427: result: no
configure:10433: checking for _FILE_OFFSET_BITS value needed for large files
configure:10461: gcc -c -g -O2 -no-cpp-precomp   -D_DARWIN_C_SOURCE conftest.c >&5
configure:10464: $? = 0
configure:10467: test -s conftest.o
configure:10470: $? = 0
configure:10520: result: no
configure:10530: checking for _LARGE_FILES value needed for large files
configure:10558: gcc -c -g -O2 -no-cpp-precomp   -D_DARWIN_C_SOURCE conftest.c >&5
configure:10561: $? = 0
configure:10564: test -s conftest.o
configure:10567: $? = 0
configure:10617: result: no
configure:10630: checking for _LARGEFILE_SOURCE value needed for large files
configure:10650: gcc -c -g -O2 -no-cpp-precomp   -D_DARWIN_C_SOURCE conftest.c >&5
configure:10643:9: warning: address of function 'fseeko' will always evaluate to 'true' [-Wpointer-bool-conversion]
return !fseeko;
       ~^~~~~~
configure:10643:9: note: prefix with the address-of operator to silence this warning
return !fseeko;
        ^
        &
1 warning generated.
configure:10653: $? = 0
configure:10656: test -s conftest.o
configure:10659: $? = 0
configure:10701: result: no
configure:10715: checking for fseeko
configure:10733: gcc -o conftest -g -O2 -no-cpp-precomp   -D_DARWIN_C_SOURCE  -Wl,-search_paths_first conftest.c  >&5
configure:10726:8: warning: address of function 'fseeko' will always evaluate to 'true' [-Wpointer-bool-conversion]
return fseeko && fseeko (stdin, 0, 0);
       ^~~~~~ ~~
configure:10726:8: note: prefix with the address-of operator to silence this warning
return fseeko && fseeko (stdin, 0, 0);
       ^
       &
1 warning generated.
configure:10736: $? = 0
configure:10739: test -s conftest
configure:10742: $? = 0
configure:10752: result: yes
configure:10773: checking whether to use struct dirent64
configure:10801: gcc -c -g -O2 -no-cpp-precomp   -D_DARWIN_C_SOURCE conftest.c >&5
configure:10790:28: error: conflicting types for 'readdir'
                extern struct dirent64 * readdir(DIR *);
                                         ^
/Library/Developer/CommandLineTools/SDKs/MacOSX13.0.sdk/usr/include/dirent.h:109:16: note: previous declaration is here
struct dirent *readdir(DIR *) __DARWIN_INODE64(readdir);
               ^
configure:10793:13: error: 'struct dirent64 *' and 'struct dirent *' are not pointers to compatible types
                int z = x - y;
                        ~ ^ ~
2 errors generated.
configure:10804: $? = 1
configure: failed program was:
#line 10780 "configure"
#include "confdefs.h"

#include <sys/types.h>
#include <dirent.h>

int
main ()
{

		/* if transitional largefile support is setup, this is true */
		extern struct dirent64 * readdir(DIR *);
		struct dirent64 *x = readdir((DIR *)0);
		struct dirent *y = readdir((DIR *)0);
		int z = x - y;

  ;
  return 0;
}
configure:10821: result: no
configure:10831: checking if you want tparm not to use X/Open fixed-parameter list
configure:10841: result: yes
configure:10865: checking for type of bool
configure:10875: result: auto
configure:10878: checking for alternate terminal capabilities file
configure:10889: result: Caps
configure:10893: checking for type of chtype
configure:10903: result: auto
configure:10907: checking for type of ospeed
configure:10917: result: short
configure:10921: checking for type of mmask_t
configure:10931: result: auto
configure:10935: checking for size CCHARW_MAX
configure:10945: result: 5
configure:10949: checking for type of tparm args
configure:10959: result: long
configure:10963: checking if RCS identifiers should be compiled-in
configure:10973: result: no
configure:10982: checking format of man-pages
configure:11071: result: normal
configure:11078: checking for manpage renaming
configure:11120: result: no
configure:11123: checking if manpage aliases will be installed
configure:11134: result: yes
configure:11148: checking if manpage symlinks should be used
configure:11167: result: yes
configure:11171: checking for manpage tbl
configure:11182: result: no
configure:11515: checking if you want to build with function extensions
configure:11525: result: yes
configure:11580: checking if you want to build with SCREEN extensions
configure:11590: result: no
configure:11605: checking if you want to build with terminal-driver
configure:11615: result: no
configure:11636: checking for extended use of const keyword
configure:11646: result: no
configure:11654: checking if you want to use extended colors
configure:11664: result: no
configure:11695: checking if you want to use extended mouse encoding
configure:11705: result: no
configure:11725: checking if you want to use extended putwin/screendump
configure:11735: result: no
configure:11745: checking if you want $NCURSES_NO_PADDING code
configure:11755: result: yes
configure:11762: checking for ANSI C header files
configure:11776: gcc -E   -D_DARWIN_C_SOURCE conftest.c
configure:11782: $? = 0
configure:11869: gcc -o conftest -g -O2 -no-cpp-precomp   -D_DARWIN_C_SOURCE  -Wl,-search_paths_first conftest.c  >&5
configure:11872: $? = 0
configure:11874: ./conftest
configure:11877: $? = 0
configure:11890: result: yes
configure:11906: checking for sys/types.h
configure:11918: gcc -c -g -O2 -no-cpp-precomp   -D_DARWIN_C_SOURCE conftest.c >&5
configure:11921: $? = 0
configure:11924: test -s conftest.o
configure:11927: $? = 0
configure:11937: result: yes
configure:11906: checking for sys/stat.h
configure:11918: gcc -c -g -O2 -no-cpp-precomp   -D_DARWIN_C_SOURCE conftest.c >&5
configure:11921: $? = 0
configure:11924: test -s conftest.o
configure:11927: $? = 0
configure:11937: result: yes
configure:11906: checking for stdlib.h
configure:11918: gcc -c -g -O2 -no-cpp-precomp   -D_DARWIN_C_SOURCE conftest.c >&5
configure:11921: $? = 0
configure:11924: test -s conftest.o
configure:11927: $? = 0
configure:11937: result: yes
configure:11906: checking for string.h
configure:11918: gcc -c -g -O2 -no-cpp-precomp   -D_DARWIN_C_SOURCE conftest.c >&5
configure:11921: $? = 0
configure:11924: test -s conftest.o
configure:11927: $? = 0
configure:11937: result: yes
configure:11906: checking for memory.h
configure:11918: gcc -c -g -O2 -no-cpp-precomp   -D_DARWIN_C_SOURCE conftest.c >&5
configure:11921: $? = 0
configure:11924: test -s conftest.o
configure:11927: $? = 0
configure:11937: result: yes
configure:11906: checking for strings.h
configure:11918: gcc -c -g -O2 -no-cpp-precomp   -D_DARWIN_C_SOURCE conftest.c >&5
configure:11921: $? = 0
configure:11924: test -s conftest.o
configure:11927: $? = 0
configure:11937: result: yes
configure:11906: checking for inttypes.h
configure:11918: gcc -c -g -O2 -no-cpp-precomp   -D_DARWIN_C_SOURCE conftest.c >&5
configure:11921: $? = 0
configure:11924: test -s conftest.o
configure:11927: $? = 0
configure:11937: result: yes
configure:11906: checking for stdint.h
configure:11918: gcc -c -g -O2 -no-cpp-precomp   -D_DARWIN_C_SOURCE conftest.c >&5
configure:11921: $? = 0
configure:11924: test -s conftest.o
configure:11927: $? = 0
configure:11937: result: yes
configure:11906: checking for unistd.h
configure:11918: gcc -c -g -O2 -no-cpp-precomp   -D_DARWIN_C_SOURCE conftest.c >&5
configure:11921: $? = 0
configure:11924: test -s conftest.o
configure:11927: $? = 0
configure:11937: result: yes
configure:11947: checking for signed char
configure:11968: gcc -c -g -O2 -no-cpp-precomp   -D_DARWIN_C_SOURCE conftest.c >&5
configure:11971: $? = 0
configure:11974: test -s conftest.o
configure:11977: $? = 0
configure:11987: result: yes
configure:11990: checking size of signed char
configure:12154: gcc -o conftest -g -O2 -no-cpp-precomp   -D_DARWIN_C_SOURCE  -Wl,-search_paths_first conftest.c  >&5
configure:12179:19: warning: format specifies type 'int' but the argument has type 'unsigned long' [-Wformat]
fprintf (f, "%d", (sizeof (signed char)));
             ~~   ^~~~~~~~~~~~~~~~~~~~~~
             %lu
1 warning generated.
configure:12157: $? = 0
configure:12159: ./conftest
configure:12162: $? = 0
configure:12178: result: 1
configure:12189: checking if you want to use signed Boolean array in term.h
configure:12199: result: no
configure:12204: checking if you want SIGWINCH handler
configure:12214: result: yes
configure:12222: checking if you want user-definable terminal capabilities like termcap
configure:12232: result: yes
configure:12240: checking if you want all development code
configure:12250: result: no
configure:12254: checking if you want hard-tabs code
configure:12264: result: no
configure:12272: checking if you want limited support for xmc
configure:12282: result: no
configure:12292: checking if you do not want to assume colors are white-on-black
configure:12302: result: yes
configure:12310: checking if you want hashmap scrolling-optimization code
configure:12320: result: yes
configure:12328: checking if you want colorfgbg code
configure:12338: result: no
configure:12346: checking if you want interop bindings
configure:12356: result: no
configure:12365: checking if you want to link with the pthread library
configure:12375: result: no
configure:12700: checking if you want reentrant code
configure:12710: result: no
configure:12818: checking if you want experimental safe-sprintf code
configure:12828: result: no
configure:12857: checking if you want wgetch-events code
configure:12867: result: no
configure:12878: checking if you want to see long compiling messages
configure:12912: result: yes
configure:12924: checking if you want to see compiler warnings
configure:12932: result: 
configure:13388: checking for gcc __attribute__ directives...
checking for gcc __attribute__((scanf))
configure:13440: gcc -c -g -O2 -no-cpp-precomp   -D_DARWIN_C_SOURCE conftest.c >&5
configure:13443: $? = 0
checking for gcc __attribute__((printf))
configure:13440: gcc -c -g -O2 -no-cpp-precomp   -D_DARWIN_C_SOURCE conftest.c >&5
configure:13443: $? = 0
checking for gcc __attribute__((unused))
configure:13440: gcc -c -g -O2 -no-cpp-precomp   -D_DARWIN_C_SOURCE conftest.c >&5
configure:13443: $? = 0
checking for gcc __attribute__((noreturn))
configure:13440: gcc -c -g -O2 -no-cpp-precomp   -D_DARWIN_C_SOURCE conftest.c >&5
configure:13443: $? = 0
configure:13504: checking if you want to work around bogus compiler/loader warnings
configure:13514: result: no
configure:13598: checking if you want to enable runtime assertions
configure:13608: result: no
configure:13624: checking if you want to use dmalloc for testing
configure:13641: result: no
configure:13836: checking if you want to use dbmalloc for testing
configure:13853: result: no
configure:14048: checking if you want to use valgrind for testing
configure:14065: result: no
configure:14158: checking if you want to perform memory-leak testing
configure:14168: result: no
configure:14220: checking whether to add trace feature to all models
configure:14230: result: no
configure:14320: checking if we want to use GNAT projects
configure:14337: result: yes
configure:14347: checking for gettimeofday
configure:14384: gcc -o conftest -g -O2 -no-cpp-precomp   -D_DARWIN_C_SOURCE -DNDEBUG  -Wl,-search_paths_first conftest.c  >&5
configure:14387: $? = 0
configure:14390: test -s conftest
configure:14393: $? = 0
configure:14403: result: yes
configure:14490: checking if -lm needed for math functions
configure:14512: gcc -o conftest -g -O2 -no-cpp-precomp   -D_DARWIN_C_SOURCE -DNDEBUG  -Wl,-search_paths_first conftest.c  >&5
configure:14505:12: error: call to undeclared function 'rand'; ISO C99 and later do not support implicit function declarations [-Wimplicit-function-declaration]
double x = rand(); printf("result = %g\n", pow(sin(x),x))
           ^
1 error generated.
configure:14515: $? = 1
configure: failed program was:
#line 14497 "configure"
#include "confdefs.h"

	#include <stdio.h>
	#include <math.h>

int
main ()
{
double x = rand(); printf("result = %g\n", pow(sin(x),x))
  ;
  return 0;
}
configure:14531: result: yes
configure:14539: checking for ANSI C header files
configure:14667: result: yes
configure:14680: checking for dirent.h that defines DIR
configure:14701: gcc -c -g -O2 -no-cpp-precomp   -D_DARWIN_C_SOURCE -DNDEBUG conftest.c >&5
configure:14704: $? = 0
configure:14707: test -s conftest.o
configure:14710: $? = 0
configure:14720: result: yes
configure:14733: checking for opendir in -ldir
configure:14760: gcc -o conftest -g -O2 -no-cpp-precomp   -D_DARWIN_C_SOURCE -DNDEBUG  -Wl,-search_paths_first conftest.c -ldir   >&5
ld: library not found for -ldir
clang: error: linker command failed with exit code 1 (use -v to see invocation)
configure:14763: $? = 1
configure: failed program was:
#line 14741 "configure"
#include "confdefs.h"

/* Override any gcc2 internal prototype to avoid an error.  */
#ifdef __cplusplus
extern "C"
#endif
/* We use char because int might match the return type of a gcc2
   builtin and then its argument prototype would still apply.  */
char opendir ();
int
main ()
{
opendir ();
  ;
  return 0;
}
configure:14780: result: no
configure:14842: checking whether time.h and sys/time.h may both be included
configure:14864: gcc -c -g -O2 -no-cpp-precomp   -D_DARWIN_C_SOURCE -DNDEBUG conftest.c >&5
configure:14867: $? = 0
configure:14870: test -s conftest.o
configure:14873: $? = 0
configure:14883: result: yes
configure:14902: checking for regcomp
configure:14939: gcc -o conftest -g -O2 -no-cpp-precomp   -D_DARWIN_C_SOURCE -DNDEBUG  -Wl,-search_paths_first conftest.c  >&5
configure:14942: $? = 0
configure:14945: test -s conftest
configure:14948: $? = 0
configure:14958: result: yes
configure:15184: checking for regular-expression headers
configure:15255: gcc -o conftest -g -O2 -no-cpp-precomp   -D_DARWIN_C_SOURCE -DNDEBUG  -Wl,-search_paths_first conftest.c  >&5
configure:15258: $? = 0
configure:15261: test -s conftest
configure:15264: $? = 0
configure:15280: result: regex.h
configure:15323: checking for fcntl.h
configure:15333: gcc -E   -D_DARWIN_C_SOURCE -DNDEBUG conftest.c
configure:15339: $? = 0
configure:15358: result: yes
configure:15323: checking for getopt.h
configure:15333: gcc -E   -D_DARWIN_C_SOURCE -DNDEBUG conftest.c
configure:15339: $? = 0
configure:15358: result: yes
configure:15323: checking for limits.h
configure:15333: gcc -E   -D_DARWIN_C_SOURCE -DNDEBUG conftest.c
configure:15339: $? = 0
configure:15358: result: yes
configure:15323: checking for locale.h
configure:15333: gcc -E   -D_DARWIN_C_SOURCE -DNDEBUG conftest.c
configure:15339: $? = 0
configure:15358: result: yes
configure:15323: checking for math.h
configure:15333: gcc -E   -D_DARWIN_C_SOURCE -DNDEBUG conftest.c
configure:15339: $? = 0
configure:15358: result: yes
configure:15323: checking for poll.h
configure:15333: gcc -E   -D_DARWIN_C_SOURCE -DNDEBUG conftest.c
configure:15339: $? = 0
configure:15358: result: yes
configure:15323: checking for sys/bsdtypes.h
configure:15333: gcc -E   -D_DARWIN_C_SOURCE -DNDEBUG conftest.c
configure:15330:10: fatal error: 'sys/bsdtypes.h' file not found
#include <sys/bsdtypes.h>
         ^~~~~~~~~~~~~~~~
1 error generated.
configure:15339: $? = 1
configure: failed program was:
#line 15329 "configure"
#include "confdefs.h"
#include <sys/bsdtypes.h>
configure:15358: result: no
configure:15323: checking for sys/ioctl.h
configure:15333: gcc -E   -D_DARWIN_C_SOURCE -DNDEBUG conftest.c
configure:15339: $? = 0
configure:15358: result: yes
configure:15323: checking for sys/param.h
configure:15333: gcc -E   -D_DARWIN_C_SOURCE -DNDEBUG conftest.c
configure:15339: $? = 0
configure:15358: result: yes
configure:15323: checking for sys/poll.h
configure:15333: gcc -E   -D_DARWIN_C_SOURCE -DNDEBUG conftest.c
configure:15339: $? = 0
configure:15358: result: yes
configure:15323: checking for sys/select.h
configure:15333: gcc -E   -D_DARWIN_C_SOURCE -DNDEBUG conftest.c
configure:15339: $? = 0
configure:15358: result: yes
configure:15323: checking for sys/time.h
configure:15333: gcc -E   -D_DARWIN_C_SOURCE -DNDEBUG conftest.c
configure:15339: $? = 0
configure:15358: result: yes
configure:15323: checking for sys/times.h
configure:15333: gcc -E   -D_DARWIN_C_SOURCE -DNDEBUG conftest.c
configure:15339: $? = 0
configure:15358: result: yes
configure:15323: checking for ttyent.h
configure:15333: gcc -E   -D_DARWIN_C_SOURCE -DNDEBUG conftest.c
configure:15339: $? = 0
configure:15358: result: yes
configure:15323: checking for unistd.h
configure:15358: result: yes
configure:15323: checking for wctype.h
configure:15333: gcc -E   -D_DARWIN_C_SOURCE -DNDEBUG conftest.c
configure:15339: $? = 0
configure:15358: result: yes
configure:15371: checking for unistd.h
configure:15406: result: yes
configure:15371: checking for getopt.h
configure:15406: result: yes
configure:15416: checking for header declaring getopt variables
configure:15439: gcc -c -g -O2 -no-cpp-precomp   -D_DARWIN_C_SOURCE -DNDEBUG conftest.c >&5
configure:15432:9: error: use of undeclared identifier 'optind'
int x = optind; char *y = optarg
        ^
configure:15432:27: error: use of undeclared identifier 'optarg'
int x = optind; char *y = optarg
                          ^
2 errors generated.
configure:15442: $? = 1
configure: failed program was:
#line 15426 "configure"
#include "confdefs.h"

#include <stdio.h>
int
main ()
{
int x = optind; char *y = optarg
  ;
  return 0;
}
configure:15439: gcc -c -g -O2 -no-cpp-precomp   -D_DARWIN_C_SOURCE -DNDEBUG conftest.c >&5
configure:15432:9: error: use of undeclared identifier 'optind'
int x = optind; char *y = optarg
        ^
configure:15432:27: error: use of undeclared identifier 'optarg'
int x = optind; char *y = optarg
                          ^
2 errors generated.
configure:15442: $? = 1
configure: failed program was:
#line 15426 "configure"
#include "confdefs.h"

#include <stdlib.h>
int
main ()
{
int x = optind; char *y = optarg
  ;
  return 0;
}
configure:15439: gcc -c -g -O2 -no-cpp-precomp   -D_DARWIN_C_SOURCE -DNDEBUG conftest.c >&5
configure:15442: $? = 0
configure:15445: test -s conftest.o
configure:15448: $? = 0
configure:15460: result: unistd.h
configure:15602: checking if sys/time.h works with sys/select.h
configure:15629: gcc -c -g -O2 -no-cpp-precomp   -D_DARWIN_C_SOURCE -DNDEBUG conftest.c >&5
configure:15632: $? = 0
configure:15635: test -s conftest.o
configure:15638: $? = 0
configure:15650: result: yes
configure:15665: checking for an ANSI C-conforming const
configure:15729: gcc -c -g -O2 -no-cpp-precomp   -D_DARWIN_C_SOURCE -DNDEBUG conftest.c >&5
configure:15732: $? = 0
configure:15735: test -s conftest.o
configure:15738: $? = 0
configure:15748: result: yes
configure:15758: checking for inline
configure:15775: gcc -c -g -O2 -no-cpp-precomp   -D_DARWIN_C_SOURCE -DNDEBUG conftest.c >&5
configure:15778: $? = 0
configure:15781: test -s conftest.o
configure:15784: $? = 0
configure:15795: result: inline
configure:15821: checking if gcc supports options to tune inlining
configure:15842: gcc -c -g -O2 -no-cpp-precomp --param max-inline-insns-single=1200   -D_DARWIN_C_SOURCE -DNDEBUG conftest.c >&5
clang: warning: argument unused during compilation: '--param max-inline-insns-single=1200' [-Wunused-command-line-argument]
configure:15845: $? = 0
configure:15848: test -s conftest.o
configure:15851: $? = 0
configure:15863: result: yes
configure:15949: checking for signal global datatype
configure:15984: gcc -c -g -O2 -no-cpp-precomp  --param max-inline-insns-single=1200   -D_DARWIN_C_SOURCE -DNDEBUG conftest.c >&5
clang: warning: argument unused during compilation: '--param max-inline-insns-single=1200' [-Wunused-command-line-argument]
configure:15987: $? = 0
configure:15990: test -s conftest.o
configure:15993: $? = 0
configure:16007: result: volatile sig_atomic_t
configure:16016: checking for type of chtype
configure:16061: gcc -o conftest -g -O2 -no-cpp-precomp  --param max-inline-insns-single=1200   -D_DARWIN_C_SOURCE -DNDEBUG  -Wl,-search_paths_first conftest.c  >&5
clang: warning: argument unused during compilation: '--param max-inline-insns-single=1200' [-Wunused-command-line-argument]
configure:16064: $? = 0
configure:16066: ./conftest
configure:16069: $? = 0
configure:16084: result: int
configure:16096: checking if unsigned literals are legal
configure:16115: gcc -c -g -O2 -no-cpp-precomp  --param max-inline-insns-single=1200   -D_DARWIN_C_SOURCE -DNDEBUG conftest.c >&5
clang: warning: argument unused during compilation: '--param max-inline-insns-single=1200' [-Wunused-command-line-argument]
configure:16118: $? = 0
configure:16121: test -s conftest.o
configure:16124: $? = 0
configure:16136: result: yes
configure:16152: checking if external errno is declared
configure:16177: gcc -c -g -O2 -no-cpp-precomp  --param max-inline-insns-single=1200   -D_DARWIN_C_SOURCE -DNDEBUG conftest.c >&5
clang: warning: argument unused during compilation: '--param max-inline-insns-single=1200' [-Wunused-command-line-argument]
configure:16180: $? = 0
configure:16183: test -s conftest.o
configure:16186: $? = 0
configure:16197: result: yes
configure:16212: checking if external errno exists
configure:16234: gcc -o conftest -g -O2 -no-cpp-precomp  --param max-inline-insns-single=1200   -D_DARWIN_C_SOURCE -DNDEBUG  -Wl,-search_paths_first conftest.c  >&5
clang: warning: argument unused during compilation: '--param max-inline-insns-single=1200' [-Wunused-command-line-argument]
configure:16237: $? = 0
configure:16240: test -s conftest
configure:16243: $? = 0
configure:16254: result: yes
configure:16267: checking if data-only library module links
configure:16278: gcc -c -g -O2 -no-cpp-precomp  --param max-inline-insns-single=1200   -D_DARWIN_C_SOURCE -DNDEBUG conftest.c >&5
clang: warning: argument unused during compilation: '--param max-inline-insns-single=1200' [-Wunused-command-line-argument]
configure:16281: $? = 0
configure:16301: gcc -c -g -O2 -no-cpp-precomp  --param max-inline-insns-single=1200   -D_DARWIN_C_SOURCE -DNDEBUG conftest.c >&5
clang: warning: argument unused during compilation: '--param max-inline-insns-single=1200' [-Wunused-command-line-argument]
configure:16304: $? = 0
configure:16328: gcc -o conftest -g -O2 -no-cpp-precomp  --param max-inline-insns-single=1200   -D_DARWIN_C_SOURCE -DNDEBUG  -Wl,-search_paths_first conftest.c conftest.a  >&5
warning: (x86_64)  could not find object file symbol for symbol _testdata
configure:16331: $? = 0
configure:16333: ./conftest
configure:16336: $? = 0
configure:16351: result: yes
configure:16390: checking for getcwd
configure:16427: gcc -o conftest -g -O2 -no-cpp-precomp  --param max-inline-insns-single=1200   -D_DARWIN_C_SOURCE -DNDEBUG  -Wl,-search_paths_first conftest.c  >&5
clang: warning: argument unused during compilation: '--param max-inline-insns-single=1200' [-Wunused-command-line-argument]
configure:16430: $? = 0
configure:16433: test -s conftest
configure:16436: $? = 0
configure:16446: result: yes
configure:16390: checking for getegid
configure:16427: gcc -o conftest -g -O2 -no-cpp-precomp  --param max-inline-insns-single=1200   -D_DARWIN_C_SOURCE -DNDEBUG  -Wl,-search_paths_first conftest.c  >&5
clang: warning: argument unused during compilation: '--param max-inline-insns-single=1200' [-Wunused-command-line-argument]
configure:16430: $? = 0
configure:16433: test -s conftest
configure:16436: $? = 0
configure:16446: result: yes
configure:16390: checking for geteuid
configure:16427: gcc -o conftest -g -O2 -no-cpp-precomp  --param max-inline-insns-single=1200   -D_DARWIN_C_SOURCE -DNDEBUG  -Wl,-search_paths_first conftest.c  >&5
clang: warning: argument unused during compilation: '--param max-inline-insns-single=1200' [-Wunused-command-line-argument]
configure:16430: $? = 0
configure:16433: test -s conftest
configure:16436: $? = 0
configure:16446: result: yes
configure:16390: checking for getopt
configure:16427: gcc -o conftest -g -O2 -no-cpp-precomp  --param max-inline-insns-single=1200   -D_DARWIN_C_SOURCE -DNDEBUG  -Wl,-search_paths_first conftest.c  >&5
clang: warning: argument unused during compilation: '--param max-inline-insns-single=1200' [-Wunused-command-line-argument]
configure:16430: $? = 0
configure:16433: test -s conftest
configure:16436: $? = 0
configure:16446: result: yes
configure:16390: checking for getttynam
configure:16427: gcc -o conftest -g -O2 -no-cpp-precomp  --param max-inline-insns-single=1200   -D_DARWIN_C_SOURCE -DNDEBUG  -Wl,-search_paths_first conftest.c  >&5
clang: warning: argument unused during compilation: '--param max-inline-insns-single=1200' [-Wunused-command-line-argument]
configure:16430: $? = 0
configure:16433: test -s conftest
configure:16436: $? = 0
configure:16446: result: yes
configure:16390: checking for issetugid
configure:16427: gcc -o conftest -g -O2 -no-cpp-precomp  --param max-inline-insns-single=1200   -D_DARWIN_C_SOURCE -DNDEBUG  -Wl,-search_paths_first conftest.c  >&5
clang: warning: argument unused during compilation: '--param max-inline-insns-single=1200' [-Wunused-command-line-argument]
configure:16430: $? = 0
configure:16433: test -s conftest
configure:16436: $? = 0
configure:16446: result: yes
configure:16390: checking for poll
configure:16427: gcc -o conftest -g -O2 -no-cpp-precomp  --param max-inline-insns-single=1200   -D_DARWIN_C_SOURCE -DNDEBUG  -Wl,-search_paths_first conftest.c  >&5
clang: warning: argument unused during compilation: '--param max-inline-insns-single=1200' [-Wunused-command-line-argument]
configure:16430: $? = 0
configure:16433: test -s conftest
configure:16436: $? = 0
configure:16446: result: yes
configure:16390: checking for putenv
configure:16427: gcc -o conftest -g -O2 -no-cpp-precomp  --param max-inline-insns-single=1200   -D_DARWIN_C_SOURCE -DNDEBUG  -Wl,-search_paths_first conftest.c  >&5
clang: warning: argument unused during compilation: '--param max-inline-insns-single=1200' [-Wunused-command-line-argument]
configure:16430: $? = 0
configure:16433: test -s conftest
configure:16436: $? = 0
configure:16446: result: yes
configure:16390: checking for remove
configure:16446: result: yes
configure:16390: checking for select
configure:16427: gcc -o conftest -g -O2 -no-cpp-precomp  --param max-inline-insns-single=1200   -D_DARWIN_C_SOURCE -DNDEBUG  -Wl,-search_paths_first conftest.c  >&5
clang: warning: argument unused during compilation: '--param max-inline-insns-single=1200' [-Wunused-command-line-argument]
configure:16430: $? = 0
configure:16433: test -s conftest
configure:16436: $? = 0
configure:16446: result: yes
configure:16390: checking for setbuf
configure:16427: gcc -o conftest -g -O2 -no-cpp-precomp  --param max-inline-insns-single=1200   -D_DARWIN_C_SOURCE -DNDEBUG  -Wl,-search_paths_first conftest.c  >&5
clang: warning: argument unused during compilation: '--param max-inline-insns-single=1200' [-Wunused-command-line-argument]
configure:16430: $? = 0
configure:16433: test -s conftest
configure:16436: $? = 0
configure:16446: result: yes
configure:16390: checking for setbuffer
configure:16427: gcc -o conftest -g -O2 -no-cpp-precomp  --param max-inline-insns-single=1200   -D_DARWIN_C_SOURCE -DNDEBUG  -Wl,-search_paths_first conftest.c  >&5
clang: warning: argument unused during compilation: '--param max-inline-insns-single=1200' [-Wunused-command-line-argument]
configure:16430: $? = 0
configure:16433: test -s conftest
configure:16436: $? = 0
configure:16446: result: yes
configure:16390: checking for setenv
configure:16427: gcc -o conftest -g -O2 -no-cpp-precomp  --param max-inline-insns-single=1200   -D_DARWIN_C_SOURCE -DNDEBUG  -Wl,-search_paths_first conftest.c  >&5
clang: warning: argument unused during compilation: '--param max-inline-insns-single=1200' [-Wunused-command-line-argument]
configure:16430: $? = 0
configure:16433: test -s conftest
configure:16436: $? = 0
configure:16446: result: yes
configure:16390: checking for setvbuf
configure:16427: gcc -o conftest -g -O2 -no-cpp-precomp  --param max-inline-insns-single=1200   -D_DARWIN_C_SOURCE -DNDEBUG  -Wl,-search_paths_first conftest.c  >&5
clang: warning: argument unused during compilation: '--param max-inline-insns-single=1200' [-Wunused-command-line-argument]
configure:16430: $? = 0
configure:16433: test -s conftest
configure:16436: $? = 0
configure:16446: result: yes
configure:16390: checking for sigaction
configure:16427: gcc -o conftest -g -O2 -no-cpp-precomp  --param max-inline-insns-single=1200   -D_DARWIN_C_SOURCE -DNDEBUG  -Wl,-search_paths_first conftest.c  >&5
clang: warning: argument unused during compilation: '--param max-inline-insns-single=1200' [-Wunused-command-line-argument]
configure:16430: $? = 0
configure:16433: test -s conftest
configure:16436: $? = 0
configure:16446: result: yes
configure:16390: checking for sigvec
configure:16427: gcc -o conftest -g -O2 -no-cpp-precomp  --param max-inline-insns-single=1200   -D_DARWIN_C_SOURCE -DNDEBUG  -Wl,-search_paths_first conftest.c  >&5
clang: warning: argument unused during compilation: '--param max-inline-insns-single=1200' [-Wunused-command-line-argument]
configure:16430: $? = 0
configure:16433: test -s conftest
configure:16436: $? = 0
configure:16446: result: yes
configure:16390: checking for strdup
configure:16427: gcc -o conftest -g -O2 -no-cpp-precomp  --param max-inline-insns-single=1200   -D_DARWIN_C_SOURCE -DNDEBUG  -Wl,-search_paths_first conftest.c  >&5
clang: warning: argument unused during compilation: '--param max-inline-insns-single=1200' [-Wunused-command-line-argument]
configure:16406:6: warning: incompatible redeclaration of library function 'strdup' [-Wincompatible-library-redeclaration]
char strdup ();
     ^
configure:16406:6: note: 'strdup' is a builtin with type 'char *(const char *)'
1 warning generated.
configure:16430: $? = 0
configure:16433: test -s conftest
configure:16436: $? = 0
configure:16446: result: yes
configure:16390: checking for strstr
configure:16427: gcc -o conftest -g -O2 -no-cpp-precomp  --param max-inline-insns-single=1200   -D_DARWIN_C_SOURCE -DNDEBUG  -Wl,-search_paths_first conftest.c  >&5
clang: warning: argument unused during compilation: '--param max-inline-insns-single=1200' [-Wunused-command-line-argument]
configure:16406:6: warning: incompatible redeclaration of library function 'strstr' [-Wincompatible-library-redeclaration]
char strstr ();
     ^
configure:16406:6: note: 'strstr' is a builtin with type 'char *(const char *, const char *)'
1 warning generated.
configure:16430: $? = 0
configure:16433: test -s conftest
configure:16436: $? = 0
configure:16446: result: yes
configure:16390: checking for tcgetpgrp
configure:16427: gcc -o conftest -g -O2 -no-cpp-precomp  --param max-inline-insns-single=1200   -D_DARWIN_C_SOURCE -DNDEBUG  -Wl,-search_paths_first conftest.c  >&5
clang: warning: argument unused during compilation: '--param max-inline-insns-single=1200' [-Wunused-command-line-argument]
configure:16430: $? = 0
configure:16433: test -s conftest
configure:16436: $? = 0
configure:16446: result: yes
configure:16390: checking for times
configure:16427: gcc -o conftest -g -O2 -no-cpp-precomp  --param max-inline-insns-single=1200   -D_DARWIN_C_SOURCE -DNDEBUG  -Wl,-search_paths_first conftest.c  >&5
clang: warning: argument unused during compilation: '--param max-inline-insns-single=1200' [-Wunused-command-line-argument]
configure:16430: $? = 0
configure:16433: test -s conftest
configure:16436: $? = 0
configure:16446: result: yes
configure:16390: checking for vsnprintf
configure:16427: gcc -o conftest -g -O2 -no-cpp-precomp  --param max-inline-insns-single=1200   -D_DARWIN_C_SOURCE -DNDEBUG  -Wl,-search_paths_first conftest.c  >&5
clang: warning: argument unused during compilation: '--param max-inline-insns-single=1200' [-Wunused-command-line-argument]
configure:16406:6: warning: incompatible redeclaration of library function 'vsnprintf' [-Wincompatible-library-redeclaration]
char vsnprintf ();
     ^
configure:16406:6: note: 'vsnprintf' is a builtin with type 'int (char *, unsigned long, const char *, struct __va_list_tag *)'
1 warning generated.
configure:16430: $? = 0
configure:16433: test -s conftest
configure:16436: $? = 0
configure:16446: result: yes
configure:16585: checking for isascii
configure:16604: gcc -o conftest -g -O2 -no-cpp-precomp  --param max-inline-insns-single=1200   -D_DARWIN_C_SOURCE -DNDEBUG  -Wl,-search_paths_first conftest.c  >&5
clang: warning: argument unused during compilation: '--param max-inline-insns-single=1200' [-Wunused-command-line-argument]
configure:16607: $? = 0
configure:16610: test -s conftest
configure:16613: $? = 0
configure:16624: result: yes
configure:16632: checking whether sigaction needs _POSIX_SOURCE
configure:16649: gcc -c -g -O2 -no-cpp-precomp  --param max-inline-insns-single=1200   -D_DARWIN_C_SOURCE -DNDEBUG conftest.c >&5
clang: warning: argument unused during compilation: '--param max-inline-insns-single=1200' [-Wunused-command-line-argument]
configure:16652: $? = 0
configure:16655: test -s conftest.o
configure:16658: $? = 0
configure:16706: result: no
configure:16710: checking if nanosleep really works
configure:16745: gcc -o conftest -g -O2 -no-cpp-precomp  --param max-inline-insns-single=1200   -D_DARWIN_C_SOURCE -DNDEBUG  -Wl,-search_paths_first conftest.c  >&5
clang: warning: argument unused during compilation: '--param max-inline-insns-single=1200' [-Wunused-command-line-argument]
configure:16748: $? = 0
configure:16750: ./conftest
configure:16753: $? = 0
configure:16765: result: yes
configure:16780: checking for termio.h
configure:16790: gcc -E   -D_DARWIN_C_SOURCE -DNDEBUG conftest.c
configure:16787:10: fatal error: 'termio.h' file not found
#include <termio.h>
         ^~~~~~~~~~
1 error generated.
configure:16796: $? = 1
configure: failed program was:
#line 16786 "configure"
#include "confdefs.h"
#include <termio.h>
configure:16815: result: no
configure:16780: checking for termios.h
configure:16790: gcc -E   -D_DARWIN_C_SOURCE -DNDEBUG conftest.c
configure:16796: $? = 0
configure:16815: result: yes
configure:16780: checking for unistd.h
configure:16815: result: yes
configure:16883: checking whether termios.h needs _POSIX_SOURCE
configure:16898: gcc -c -g -O2 -no-cpp-precomp  --param max-inline-insns-single=1200   -D_DARWIN_C_SOURCE -DNDEBUG conftest.c >&5
clang: warning: argument unused during compilation: '--param max-inline-insns-single=1200' [-Wunused-command-line-argument]
configure:16901: $? = 0
configure:16904: test -s conftest.o
configure:16907: $? = 0
configure:16954: result: no
configure:16959: checking for tcgetattr
configure:16994: gcc -o conftest -g -O2 -no-cpp-precomp  --param max-inline-insns-single=1200   -D_DARWIN_C_SOURCE -DNDEBUG  -Wl,-search_paths_first conftest.c  >&5
clang: warning: argument unused during compilation: '--param max-inline-insns-single=1200' [-Wunused-command-line-argument]
configure:16997: $? = 0
configure:17000: test -s conftest
configure:17003: $? = 0
configure:17013: result: yes
configure:17020: checking for vsscanf function or workaround
configure:17043: gcc -o conftest -g -O2 -no-cpp-precomp  --param max-inline-insns-single=1200   -D_DARWIN_C_SOURCE -DNDEBUG  -Wl,-search_paths_first conftest.c  >&5
clang: warning: argument unused during compilation: '--param max-inline-insns-single=1200' [-Wunused-command-line-argument]
configure:17046: $? = 0
configure:17049: test -s conftest
configure:17052: $? = 0
configure:17145: result: vsscanf
configure:17166: checking for working mkstemp
configure:17215: gcc -o conftest -g -O2 -no-cpp-precomp  --param max-inline-insns-single=1200   -D_DARWIN_C_SOURCE -DNDEBUG  -Wl,-search_paths_first conftest.c  >&5
clang: warning: argument unused during compilation: '--param max-inline-insns-single=1200' [-Wunused-command-line-argument]
configure:17203:4: error: call to undeclared function 'close'; ISO C99 and later do not support implicit function declarations [-Wimplicit-function-declaration]
                        close(fd);
                        ^
1 error generated.
configure:17218: $? = 1
configure: program exited with status 1
configure: failed program was:
#line 17177 "configure"
#include "confdefs.h"

#include <sys/types.h>
#include <stdlib.h>
#include <stdio.h>
#include <string.h>
#include <sys/stat.h>
int main()
{
	char *tmpl = "conftestXXXXXX";
	char name[2][80];
	int n;
	int result = 0;
	int fd;
	struct stat sb;

	umask(077);
	for (n = 0; n < 2; ++n) {
		strcpy(name[n], tmpl);
		if ((fd = mkstemp(name[n])) >= 0) {
			if (!strcmp(name[n], tmpl)
			 || stat(name[n], &sb) != 0
			 || (sb.st_mode & S_IFMT) != S_IFREG
			 || (sb.st_mode & 077) != 0) {
				result = 1;
			}
			close(fd);
		}
	}
	if (result == 0
	 && !strcmp(name[0], name[1]))
		result = 1;
	return(result);
}

configure:17238: result: no
configure:17321: checking whether setvbuf arguments are reversed
configure:17349: gcc -o conftest -g -O2 -no-cpp-precomp  --param max-inline-insns-single=1200   -D_DARWIN_C_SOURCE -DNDEBUG  -Wl,-search_paths_first conftest.c  >&5
clang: warning: argument unused during compilation: '--param max-inline-insns-single=1200' [-Wunused-command-line-argument]
configure:17341:23: warning: incompatible integer to pointer conversion passing 'int' to parameter of type 'char *' [-Wint-conversion]
  if (setvbuf(stdout, _IOLBF, (char *) main, BUFSIZ) != 0)
                      ^~~~~~
/Library/Developer/CommandLineTools/SDKs/MacOSX13.0.sdk/usr/include/stdio.h:100:16: note: expanded from macro '_IOLBF'
#define _IOLBF  1               /* setvbuf should set line buffered */
                ^
/Library/Developer/CommandLineTools/SDKs/MacOSX13.0.sdk/usr/include/stdio.h:184:50: note: passing argument to parameter here
int      setvbuf(FILE * __restrict, char * __restrict, int, size_t);
                                                     ^
configure:17341:31: warning: incompatible pointer to integer conversion passing 'char *' to parameter of type 'int' [-Wint-conversion]
  if (setvbuf(stdout, _IOLBF, (char *) main, BUFSIZ) != 0)
                              ^~~~~~~~~~~~~
/Library/Developer/CommandLineTools/SDKs/MacOSX13.0.sdk/usr/include/stdio.h:184:55: note: passing argument to parameter here
int      setvbuf(FILE * __restrict, char * __restrict, int, size_t);
                                                          ^
2 warnings generated.
configure:17352: $? = 0
configure:17354: ./conftest
configure:17357: $? = 1
configure: program exited with status 1
configure: failed program was:
#line 17332 "configure"
#include "confdefs.h"
#include <stdio.h>
/* If setvbuf has the reversed format, exit 0. */
int
main ()
{
  /* This call has the arguments reversed.
     A reversed system may check and see that the address of main
     is not _IOLBF, _IONBF, or _IOFBF, and return nonzero.  */
  if (setvbuf(stdout, _IOLBF, (char *) main, BUFSIZ) != 0)
    return(1);
  putc('\r', stdout);
  return(0);			/* Non-reversed systems segv here.  */
}
configure:17370: result: no
configure:17381: checking for intptr_t
configure:17402: gcc -c -g -O2 -no-cpp-precomp  --param max-inline-insns-single=1200   -D_DARWIN_C_SOURCE -DNDEBUG conftest.c >&5
clang: warning: argument unused during compilation: '--param max-inline-insns-single=1200' [-Wunused-command-line-argument]
configure:17405: $? = 0
configure:17408: test -s conftest.o
configure:17411: $? = 0
configure:17421: result: yes
configure:17433: checking for ssize_t
configure:17454: gcc -c -g -O2 -no-cpp-precomp  --param max-inline-insns-single=1200   -D_DARWIN_C_SOURCE -DNDEBUG conftest.c >&5
clang: warning: argument unused during compilation: '--param max-inline-insns-single=1200' [-Wunused-command-line-argument]
configure:17457: $? = 0
configure:17460: test -s conftest.o
configure:17463: $? = 0
configure:17473: result: yes
configure:17485: checking for type sigaction_t
configure:17505: gcc -c -g -O2 -no-cpp-precomp  --param max-inline-insns-single=1200   -D_DARWIN_C_SOURCE -DNDEBUG conftest.c >&5
clang: warning: argument unused during compilation: '--param max-inline-insns-single=1200' [-Wunused-command-line-argument]
configure:17498:1: error: use of undeclared identifier 'sigaction_t'; did you mean 'sigaction'?
sigaction_t x
^~~~~~~~~~~
sigaction
/Library/Developer/CommandLineTools/SDKs/MacOSX13.0.sdk/usr/include/signal.h:84:5: note: 'sigaction' declared here
int     sigaction(int, const struct sigaction * __restrict,
        ^
configure:17498:1: error: must use 'struct' tag to refer to type 'sigaction'
sigaction_t x
^
struct 
/Library/Developer/CommandLineTools/SDKs/MacOSX13.0.sdk/usr/include/signal.h:84:5: note: struct 'sigaction' is hidden by a non-type declaration of 'sigaction' here
int     sigaction(int, const struct sigaction * __restrict,
        ^
2 errors generated.
configure:17508: $? = 1
configure: failed program was:
#line 17492 "configure"
#include "confdefs.h"

#include <signal.h>
int
main ()
{
sigaction_t x
  ;
  return 0;
}
configure:17525: result: no
configure:17532: checking declaration of size-change
configure:17591: gcc -c -g -O2 -no-cpp-precomp  --param max-inline-insns-single=1200   -D_DARWIN_C_SOURCE -DNDEBUG conftest.c >&5
clang: warning: argument unused during compilation: '--param max-inline-insns-single=1200' [-Wunused-command-line-argument]
configure:17594: $? = 0
configure:17597: test -s conftest.o
configure:17600: $? = 0
size-change succeeded ()
configure:17619: result: yes
configure:17637: checking for memmove
configure:17674: gcc -o conftest -g -O2 -no-cpp-precomp  --param max-inline-insns-single=1200   -D_DARWIN_C_SOURCE -DNDEBUG  -Wl,-search_paths_first conftest.c  >&5
clang: warning: argument unused during compilation: '--param max-inline-insns-single=1200' [-Wunused-command-line-argument]
configure:17653:6: warning: incompatible redeclaration of library function 'memmove' [-Wincompatible-library-redeclaration]
char memmove ();
     ^
configure:17653:6: note: 'memmove' is a builtin with type 'void *(void *, const void *, unsigned long)'
1 warning generated.
configure:17677: $? = 0
configure:17680: test -s conftest
configure:17683: $? = 0
configure:17693: result: yes
configure:17827: checking if poll really works
configure:17884: gcc -o conftest -g -O2 -no-cpp-precomp  --param max-inline-insns-single=1200   -D_DARWIN_C_SOURCE -DNDEBUG  -Wl,-search_paths_first conftest.c  >&5
clang: warning: argument unused during compilation: '--param max-inline-insns-single=1200' [-Wunused-command-line-argument]
configure:17887: $? = 0
configure:17889: ./conftest
configure:17892: $? = 1
configure: program exited with status 1
configure: failed program was:
#line 17837 "configure"
#include "confdefs.h"

#include <stdlib.h>
#include <stdio.h>
#include <unistd.h>
#include <fcntl.h>
#ifdef HAVE_POLL_H
#include <poll.h>
#else
#include <sys/poll.h>
#endif
int main() {
	struct pollfd myfds;
	int ret;

	/* check for Darwin bug with respect to "devices" */
	myfds.fd = open("/dev/null", 1);	/* O_WRONLY */
	if (myfds.fd < 0)
		myfds.fd = 0;
	myfds.events = POLLIN;
	myfds.revents = 0;

	ret = poll(&myfds, 1, 100);

	if (ret < 0 || (myfds.revents & POLLNVAL)) {
		ret = -1;
	} else {
		int fd = 0;
		if (!isatty(fd)) {
			fd = open("/dev/tty", 2);	/* O_RDWR */
		}

		if (fd >= 0) {
			/* also check with standard input */
			myfds.fd = fd;
			myfds.events = POLLIN;
			myfds.revents = 0;
			ret = poll(&myfds, 1, 100);
		} else {
			ret = -1;
		}
	}
	return(ret < 0);
}
configure:17904: result: no
configure:17911: checking for va_copy
configure:17935: gcc -o conftest -g -O2 -no-cpp-precomp  --param max-inline-insns-single=1200   -D_DARWIN_C_SOURCE -DNDEBUG  -Wl,-search_paths_first conftest.c  >&5
clang: warning: argument unused during compilation: '--param max-inline-insns-single=1200' [-Wunused-command-line-argument]
configure:17938: $? = 0
configure:17941: test -s conftest
configure:17944: $? = 0
configure:17954: result: yes
configure:17962: checking for __va_copy
configure:17986: gcc -o conftest -g -O2 -no-cpp-precomp  --param max-inline-insns-single=1200   -D_DARWIN_C_SOURCE -DNDEBUG  -Wl,-search_paths_first conftest.c  >&5
clang: warning: argument unused during compilation: '--param max-inline-insns-single=1200' [-Wunused-command-line-argument]
configure:17989: $? = 0
configure:17992: test -s conftest
configure:17995: $? = 0
configure:18005: result: yes
configure:18013: checking for pid_t
configure:18034: gcc -c -g -O2 -no-cpp-precomp  --param max-inline-insns-single=1200   -D_DARWIN_C_SOURCE -DNDEBUG conftest.c >&5
clang: warning: argument unused during compilation: '--param max-inline-insns-single=1200' [-Wunused-command-line-argument]
configure:18037: $? = 0
configure:18040: test -s conftest.o
configure:18043: $? = 0
configure:18053: result: yes
configure:18068: checking for unistd.h
configure:18103: result: yes
configure:18068: checking for vfork.h
configure:18078: gcc -E   -D_DARWIN_C_SOURCE -DNDEBUG conftest.c
configure:18075:10: fatal error: 'vfork.h' file not found
#include <vfork.h>
         ^~~~~~~~~
1 error generated.
configure:18084: $? = 1
configure: failed program was:
#line 18074 "configure"
#include "confdefs.h"
#include <vfork.h>
configure:18103: result: no
configure:18116: checking for fork
configure:18153: gcc -o conftest -g -O2 -no-cpp-precomp  --param max-inline-insns-single=1200   -D_DARWIN_C_SOURCE -DNDEBUG  -Wl,-search_paths_first conftest.c  >&5
clang: warning: argument unused during compilation: '--param max-inline-insns-single=1200' [-Wunused-command-line-argument]
configure:18156: $? = 0
configure:18159: test -s conftest
configure:18162: $? = 0
configure:18172: result: yes
configure:18116: checking for vfork
configure:18153: gcc -o conftest -g -O2 -no-cpp-precomp  --param max-inline-insns-single=1200   -D_DARWIN_C_SOURCE -DNDEBUG  -Wl,-search_paths_first conftest.c  >&5
clang: warning: argument unused during compilation: '--param max-inline-insns-single=1200' [-Wunused-command-line-argument]
configure:18132:6: warning: incompatible redeclaration of library function 'vfork' [-Wincompatible-library-redeclaration]
char vfork ();
     ^
configure:18132:6: note: 'vfork' is a builtin with type 'int (void)'
1 warning generated.
configure:18156: $? = 0
configure:18159: test -s conftest
configure:18162: $? = 0
configure:18172: result: yes
configure:18184: checking for working fork
configure:18227: result: yes
configure:18246: checking for working vfork
configure:18372: result: yes
configure:18405: checking for openpty in -lutil
configure:18432: gcc -o conftest -g -O2 -no-cpp-precomp  --param max-inline-insns-single=1200   -D_DARWIN_C_SOURCE -DNDEBUG  -Wl,-search_paths_first conftest.c -lutil   >&5
configure:18435: $? = 0
configure:18438: test -s conftest
configure:18441: $? = 0
configure:18452: result: yes
configure:18460: checking for openpty header
configure:18504: gcc -o conftest -g -O2 -no-cpp-precomp  --param max-inline-insns-single=1200   -D_DARWIN_C_SOURCE -DNDEBUG  -Wl,-search_paths_first conftest.c -lutil >&5
configure:18489:10: fatal error: 'pty.h' file not found
#include <pty.h>
         ^~~~~~~
1 error generated.
configure:18507: $? = 1
configure: failed program was:
#line 18487 "configure"
#include "confdefs.h"

#include <pty.h>

int
main ()
{

	int x = openpty((int *)0, (int *)0, (char *)0,
				   (struct termios *)0, (struct winsize *)0);

  ;
  return 0;
}
configure:18504: gcc -o conftest -g -O2 -no-cpp-precomp  --param max-inline-insns-single=1200   -D_DARWIN_C_SOURCE -DNDEBUG  -Wl,-search_paths_first conftest.c -lutil >&5
configure:18489:10: fatal error: 'libutil.h' file not found
#include <libutil.h>
         ^~~~~~~~~~~
1 error generated.
configure:18507: $? = 1
configure: failed program was:
#line 18487 "configure"
#include "confdefs.h"

#include <libutil.h>

int
main ()
{

	int x = openpty((int *)0, (int *)0, (char *)0,
				   (struct termios *)0, (struct winsize *)0);

  ;
  return 0;
}
configure:18504: gcc -o conftest -g -O2 -no-cpp-precomp  --param max-inline-insns-single=1200   -D_DARWIN_C_SOURCE -DNDEBUG  -Wl,-search_paths_first conftest.c -lutil >&5
configure:18507: $? = 0
configure:18510: test -s conftest
configure:18513: $? = 0
configure:18531: result: util.h
configure:19167: checking if we should include stdbool.h
configure:19187: gcc -c -O2 -no-cpp-precomp --param max-inline-insns-single=1200   -D_DARWIN_C_SOURCE -DNDEBUG conftest.c >&5
clang: warning: argument unused during compilation: '--param max-inline-insns-single=1200' [-Wunused-command-line-argument]
configure:19180:1: error: use of undeclared identifier 'bool'
bool foo = false
^
1 error generated.
configure:19190: $? = 1
configure: failed program was:
#line 19175 "configure"
#include "confdefs.h"

int
main ()
{
bool foo = false
  ;
  return 0;
}
configure:19219: gcc -c -O2 -no-cpp-precomp --param max-inline-insns-single=1200   -D_DARWIN_C_SOURCE -DNDEBUG conftest.c >&5
clang: warning: argument unused during compilation: '--param max-inline-insns-single=1200' [-Wunused-command-line-argument]
configure:19222: $? = 0
configure:19225: test -s conftest.o
configure:19228: $? = 0
configure:19242: result: yes
configure:19248: checking for builtin bool type
configure:19271: gcc -c -O2 -no-cpp-precomp --param max-inline-insns-single=1200   -D_DARWIN_C_SOURCE -DNDEBUG conftest.c >&5
clang: warning: argument unused during compilation: '--param max-inline-insns-single=1200' [-Wunused-command-line-argument]
configure:19264:1: error: use of undeclared identifier 'bool'
bool x = false
^
1 error generated.
configure:19274: $? = 1
configure: failed program was:
#line 19256 "configure"
#include "confdefs.h"

#include <stdio.h>
#include <sys/types.h>

int
main ()
{
bool x = false
  ;
  return 0;
}
configure:19295: result: no
configure:20445: checking for size of bool
configure:20498: gcc -o conftest -O2 -no-cpp-precomp --param max-inline-insns-single=1200   -D_DARWIN_C_SOURCE -DNDEBUG  -Wl,-search_paths_first conftest.c  >&5
clang: warning: argument unused during compilation: '--param max-inline-insns-single=1200' [-Wunused-command-line-argument]
configure:20484:18: warning: result of comparison of constant 0 with expression of type 'bool' is always true [-Wtautological-constant-compare]
                if ((bool)(-x) >= 0)
                    ~~~~~~~~~~ ^  ~
1 warning generated.
configure:20501: $? = 0
configure:20503: ./conftest
configure:20506: $? = 0
configure:20524: result: unsigned char
configure:20582: checking for gnatmake
configure:20606: result: no
configure:21062: checking for wchar_t
configure:21083: gcc -c -O2 -no-cpp-precomp --param max-inline-insns-single=1200   -D_DARWIN_C_SOURCE -DNDEBUG conftest.c >&5
clang: warning: argument unused during compilation: '--param max-inline-insns-single=1200' [-Wunused-command-line-argument]
configure:21086: $? = 0
configure:21089: test -s conftest.o
configure:21092: $? = 0
configure:21102: result: yes
configure:21105: checking size of wchar_t
configure:21269: gcc -o conftest -O2 -no-cpp-precomp --param max-inline-insns-single=1200   -D_DARWIN_C_SOURCE -DNDEBUG  -Wl,-search_paths_first conftest.c  >&5
clang: warning: argument unused during compilation: '--param max-inline-insns-single=1200' [-Wunused-command-line-argument]
configure:21294:19: warning: format specifies type 'int' but the argument has type 'unsigned long' [-Wformat]
fprintf (f, "%d", (sizeof (wchar_t)));
             ~~   ^~~~~~~~~~~~~~~~~~
             %lu
1 warning generated.
configure:21272: $? = 0
configure:21274: ./conftest
configure:21277: $? = 0
configure:21293: result: 4
configure:21311: checking for library subsets
configure:21353: result: ticlib+termlib+ext_tinfo+base+widechar+ext_funcs
configure:21384: checking default library suffix
configure:21395: result: w
configure:21398: checking default library-dependency suffix
configure:21456: result: w.dylib
configure:21459: checking default object directory
configure:21475: result: obj_s
configure:21809: checking where we will install curses.h
configure:21819: result: ${prefix}/include/ncursesw
configure:21845: checking for src modules
configure:21910: result: ncurses progs panel menu form
configure:22130: checking for tic
configure:22147: found /usr/bin/tic
configure:22159: result: /usr/bin/tic
configure:22207: checking for defines to add to ncursesw5.4-config script
configure:22223: result:  -D_DARWIN_C_SOURCE
configure:22382: creating ./config.status

## ----------------------- ##
## Running config.status.  ##
## ----------------------- ##

This file was extended by config.status 2.52.20141204, executed with
  CONFIG_FILES    = 
  CONFIG_HEADERS  = 
  CONFIG_LINKS    = 
  CONFIG_COMMANDS = 
  > ./config.status 
on mini.local

config.status:23150: creating include/MKterm.h.awk
config.status:23150: creating include/curses.head
config.status:23150: creating include/ncurses_dll.h
config.status:23150: creating include/termcap.h
config.status:23150: creating include/unctrl.h
config.status:23150: creating man/Makefile
config.status:23150: creating include/Makefile
config.status:23150: creating ncurses/Makefile
config.status:23150: creating progs/Makefile
config.status:23150: creating panel/Makefile
config.status:23150: creating menu/Makefile
config.status:23150: creating form/Makefile
config.status:23150: creating test/Makefile
config.status:23150: creating misc/Makefile
config.status:23150: creating misc/run_tic.sh
config.status:23150: creating misc/ncurses-config
config.status:23150: creating man/ncursesw5.4-config.1
config.status:23150: creating Makefile
config.status:23303: creating include/ncurses_cfg.h

## ----------------- ##
## Cache variables.  ##
## ----------------- ##

ac_cv_build=x86_64-apple-darwin22.0.0
ac_cv_build_alias=x86_64-apple-darwin22.0.0
ac_cv_c_compiler_gnu=yes
ac_cv_c_const=yes
ac_cv_c_inline=inline
ac_cv_env_CC_set=
ac_cv_env_CC_value=
ac_cv_env_CFLAGS_set=
ac_cv_env_CFLAGS_value=
ac_cv_env_CPPFLAGS_set=
ac_cv_env_CPPFLAGS_value=
ac_cv_env_CPP_set=
ac_cv_env_CPP_value=
ac_cv_env_CXXCPP_set=
ac_cv_env_CXXCPP_value=
ac_cv_env_CXXFLAGS_set=
ac_cv_env_CXXFLAGS_value=
ac_cv_env_CXX_set=
ac_cv_env_CXX_value=
ac_cv_env_LDFLAGS_set=
ac_cv_env_LDFLAGS_value=
ac_cv_env_build_alias_set=
ac_cv_env_build_alias_value=
ac_cv_env_host_alias_set=
ac_cv_env_host_alias_value=
ac_cv_env_target_alias_set=
ac_cv_env_target_alias_value=
ac_cv_func_btowc=yes
ac_cv_func_fork=yes
ac_cv_func_fork_works=yes
ac_cv_func_fseeko=yes
ac_cv_func_getcwd=yes
ac_cv_func_getegid=yes
ac_cv_func_geteuid=yes
ac_cv_func_getopt=yes
ac_cv_func_gettimeofday=yes
ac_cv_func_getttynam=yes
ac_cv_func_issetugid=yes
ac_cv_func_link=no
ac_cv_func_mblen=yes
ac_cv_func_mbrlen=yes
ac_cv_func_mbrtowc=yes
ac_cv_func_mbsrtowcs=yes
ac_cv_func_mbstowcs=yes
ac_cv_func_mbtowc=yes
ac_cv_func_memmove=yes
ac_cv_func_poll=yes
ac_cv_func_putenv=yes
ac_cv_func_putwc=yes
ac_cv_func_regcomp=yes
ac_cv_func_remove=yes
ac_cv_func_select=yes
ac_cv_func_setbuf=yes
ac_cv_func_setbuffer=yes
ac_cv_func_setenv=yes
ac_cv_func_setvbuf=yes
ac_cv_func_setvbuf_reversed=no
ac_cv_func_sigaction=yes
ac_cv_func_sigvec=yes
ac_cv_func_strdup=yes
ac_cv_func_strstr=yes
ac_cv_func_symlink=no
ac_cv_func_tcgetpgrp=yes
ac_cv_func_times=yes
ac_cv_func_unlink=yes
ac_cv_func_vfork=yes
ac_cv_func_vfork_works=yes
ac_cv_func_vsnprintf=yes
ac_cv_func_wcsrtombs=yes
ac_cv_func_wcstombs=yes
ac_cv_func_wctob=yes
ac_cv_func_wctomb=yes
ac_cv_header_dirent_dirent_h=yes
ac_cv_header_fcntl_h=yes
ac_cv_header_getopt_h=yes
ac_cv_header_gpm_h=no
ac_cv_header_inttypes_h=yes
ac_cv_header_limits_h=yes
ac_cv_header_locale_h=yes
ac_cv_header_math_h=yes
ac_cv_header_memory_h=yes
ac_cv_header_poll_h=yes
ac_cv_header_stdc=yes
ac_cv_header_stdint_h=yes
ac_cv_header_stdlib_h=yes
ac_cv_header_string_h=yes
ac_cv_header_strings_h=yes
ac_cv_header_sys_bsdtypes_h=no
ac_cv_header_sys_ioctl_h=yes
ac_cv_header_sys_param_h=yes
ac_cv_header_sys_poll_h=yes
ac_cv_header_sys_select_h=yes
ac_cv_header_sys_stat_h=yes
ac_cv_header_sys_time_h=yes
ac_cv_header_sys_times_h=yes
ac_cv_header_sys_types_h=yes
ac_cv_header_termio_h=no
ac_cv_header_termios_h=yes
ac_cv_header_time=yes
ac_cv_header_ttyent_h=yes
ac_cv_header_unistd_h=yes
ac_cv_header_vfork_h=no
ac_cv_header_wctype_h=yes
ac_cv_host=x86_64-apple-darwin22.0.0
ac_cv_host_alias=x86_64-apple-darwin22.0.0
ac_cv_lib_dir_opendir=no
ac_cv_lib_util_openpty=yes
ac_cv_objext=o
ac_cv_path_TIC_PATH=/usr/bin/tic
ac_cv_path_ac_pt_PKG_CONFIG=/opt/brew/bin/pkg-config
ac_cv_path_install='/usr/bin/install -c'
ac_cv_prog_AWK=awk
ac_cv_prog_CPP='gcc -E'
ac_cv_prog_CTAGS=ctags
ac_cv_prog_MAKE_LOWER_TAGS=yes
ac_cv_prog_ac_ct_AR=ar
ac_cv_prog_ac_ct_CC=gcc
ac_cv_prog_ac_ct_LD=ld
ac_cv_prog_ac_ct_NM=nm
ac_cv_prog_ac_ct_RANLIB=ranlib
ac_cv_prog_cc_g=yes
ac_cv_prog_cc_stdc=
ac_cv_prog_egrep='grep -E'
ac_cv_prog_gcc_traditional=no
ac_cv_prog_gnat_exists=no
ac_cv_prog_make_make_set=yes
ac_cv_sizeof_signed_char=1
ac_cv_sizeof_wchar_t=4
ac_cv_sys_file_offset_bits=no
ac_cv_sys_large_files=no
ac_cv_sys_largefile_CC=no
ac_cv_sys_largefile_source=no
ac_cv_sys_long_file_names=yes
ac_cv_target=x86_64-apple-darwin22.0.0
ac_cv_target_alias=x86_64-apple-darwin22.0.0
ac_cv_type_intptr_t=yes
ac_cv_type_pid_t=yes
ac_cv_type_signed_char=yes
ac_cv_type_ssize_t=yes
ac_cv_type_wchar_t=yes
am_cv_langinfo_codeset=yes
cf_cv_1UL=1U
cf_cv_abi_version=5.4
cf_cv_ar_flags=-curv
cf_cv_builtin_bool=1
cf_cv_cc_bool_type=0
cf_cv_dcl_errno=yes
cf_cv_define_sigwinch=yes
cf_cv_do_relink=yes
cf_cv_do_symlinks=yes
cf_cv_enable_lp64=0
cf_cv_enable_opaque=NCURSES_OPAQUE
cf_cv_enable_reentrant=0
cf_cv_enable_rpath=no
cf_cv_func_mkstemp=no
cf_cv_func_nanosleep=yes
cf_cv_func_openpty=util.h
cf_cv_func_vsscanf=vsscanf
cf_cv_gcc_inline=yes
cf_cv_getopt_header=unistd.h
cf_cv_have___va_copy=yes
cf_cv_have_errno=yes
cf_cv_have_isascii=yes
cf_cv_have_tcgetattr=yes
cf_cv_have_va_copy=yes
cf_cv_header_stdbool_h=1
cf_cv_ldflags_search_paths_first=yes
cf_cv_lib_util=yes
cf_cv_link_dataonly=yes
cf_cv_link_funcs=no
cf_cv_makeflags=
cf_cv_mbstate_t=yes
cf_cv_mixedcase=no
cf_cv_need_libm=yes
cf_cv_prog_CC_c_o=yes
cf_cv_prog_gnat_correct=no
cf_cv_regex_hdrs=regex.h
cf_cv_rel_version=5.4.9
cf_cv_rm_so_locs=no
cf_cv_shlib_version=abi
cf_cv_shlib_version_infix=yes
cf_cv_sig_atomic_t='volatile sig_atomic_t'
cf_cv_sizechange=yes
cf_cv_src_modules='ncurses progs panel menu form'
cf_cv_struct_dirent64=no
cf_cv_sys_time_select=yes
cf_cv_system_name=darwin22.0.0
cf_cv_timestamp='Mon Jan 23 00:11:29 CST 2023'
cf_cv_type_of_bool='unsigned char'
cf_cv_type_sigaction=no
cf_cv_typeof_chtype='unsigned int'
cf_cv_typeof_mmask_t='unsigned long'
cf_cv_unsigned_literals=yes
cf_cv_wchar_h_okay=yes
cf_cv_wchar_t=no
cf_cv_wint_t=yes
cf_cv_working_poll=no

## ------------ ##
## confdefs.h.  ##
## ------------ ##

#define PACKAGE "ncurses"
#define NCURSES_VERSION "6.0"
#define NCURSES_PATCHDATE 20150808
#define SYSTEM_NAME "darwin22.0.0"
#define HAVE_LONG_FILE_NAMES 1
#define TERMINFO_DIRS "/usr/share/terminfo"
#define TERMINFO "/usr/share/terminfo"
#define HAVE_BIG_CORE 1
#define TERMPATH "/etc/termcap:/usr/share/misc/termcap"
#define USE_HOME_TERMINFO 1
#define USE_ROOT_ENVIRON 1
#define HAVE_REMOVE 1
#define HAVE_UNLINK 1
#define HAVE_LANGINFO_CODESET 1
#define USE_WIDEC_SUPPORT 1
#define NCURSES_WIDECHAR 1
#define HAVE_PUTWC 1
#define HAVE_BTOWC 1
#define HAVE_WCTOB 1
#define HAVE_MBTOWC 1
#define HAVE_WCTOMB 1
#define HAVE_MBLEN 1
#define HAVE_MBRLEN 1
#define HAVE_MBRTOWC 1
#define HAVE_WCSRTOMBS 1
#define HAVE_MBSRTOWCS 1
#define HAVE_WCSTOMBS 1
#define HAVE_MBSTOWCS 1
#define NEED_WCHAR_H 1
#define NEED_WCHAR_H 1
#define HAVE_FSEEKO 1
#define HAVE_ASSUME_DEFAULT_COLORS 1
#define HAVE_CURSES_VERSION 1
#define HAVE_HAS_KEY 1
#define HAVE_RESIZETERM 1
#define HAVE_RESIZE_TERM 1
#define HAVE_TERM_ENTRY_H 1
#define HAVE_USE_DEFAULT_COLORS 1
#define HAVE_USE_SCREEN 1
#define HAVE_USE_WINDOW 1
#define HAVE_WRESIZE 1
#define NCURSES_EXT_FUNCS 1
#define NCURSES_NO_PADDING 1
#define STDC_HEADERS 1
#define HAVE_SYS_TYPES_H 1
#define HAVE_SYS_STAT_H 1
#define HAVE_STDLIB_H 1
#define HAVE_STRING_H 1
#define HAVE_MEMORY_H 1
#define HAVE_STRINGS_H 1
#define HAVE_INTTYPES_H 1
#define HAVE_STDINT_H 1
#define HAVE_UNISTD_H 1
#define SIZEOF_SIGNED_CHAR 1
#define USE_SIGWINCH 1
#define USE_ASSUMED_COLOR 1
#define USE_HASHMAP 1
#define NCURSES_WRAP_PREFIX "_nc_"
#define GCC_SCANF 1
#define GCC_SCANF 1
#define GCC_SCANFLIKE(fmt,var) __attribute__((format(scanf,fmt,var)))
#define GCC_PRINTF 1
#define GCC_PRINTF 1
#define GCC_PRINTFLIKE(fmt,var) __attribute__((format(printf,fmt,var)))
#define GCC_UNUSED __attribute__((unused))
#define GCC_UNUSED __attribute__((unused))
#define GCC_NORETURN __attribute__((noreturn))
#define GCC_NORETURN __attribute__((noreturn))
#define HAVE_NC_ALLOC_H 1
#define HAVE_GETTIMEOFDAY 1
#define STDC_HEADERS 1
#define HAVE_DIRENT_H 1
#define TIME_WITH_SYS_TIME 1
#define HAVE_REGEX_H_FUNCS 1
#define HAVE_FCNTL_H 1
#define HAVE_GETOPT_H 1
#define HAVE_LIMITS_H 1
#define HAVE_LOCALE_H 1
#define HAVE_MATH_H 1
#define HAVE_POLL_H 1
#define HAVE_SYS_IOCTL_H 1
#define HAVE_SYS_PARAM_H 1
#define HAVE_SYS_POLL_H 1
#define HAVE_SYS_SELECT_H 1
#define HAVE_SYS_TIME_H 1
#define HAVE_SYS_TIMES_H 1
#define HAVE_TTYENT_H 1
#define HAVE_UNISTD_H 1
#define HAVE_WCTYPE_H 1
#define HAVE_UNISTD_H 1
#define HAVE_GETOPT_H 1
#define HAVE_GETOPT_HEADER 1
#define HAVE_SYS_TIME_SELECT 1
#define SIG_ATOMIC_T volatile sig_atomic_t
#define TYPEOF_CHTYPE int
#define HAVE_ERRNO 1
#define HAVE_GETCWD 1
#define HAVE_GETEGID 1
#define HAVE_GETEUID 1
#define HAVE_GETOPT 1
#define HAVE_GETTTYNAM 1
#define HAVE_ISSETUGID 1
#define HAVE_POLL 1
#define HAVE_PUTENV 1
#define HAVE_REMOVE 1
#define HAVE_SELECT 1
#define HAVE_SETBUF 1
#define HAVE_SETBUFFER 1
#define HAVE_SETENV 1
#define HAVE_SETVBUF 1
#define HAVE_SIGACTION 1
#define HAVE_SIGVEC 1
#define HAVE_STRDUP 1
#define HAVE_STRSTR 1
#define HAVE_TCGETPGRP 1
#define HAVE_TIMES 1
#define HAVE_VSNPRINTF 1
#define HAVE_ISASCII 1
#define HAVE_NANOSLEEP 1
#define HAVE_TERMIOS_H 1
#define HAVE_UNISTD_H 1
#define HAVE_TCGETATTR 1
#define HAVE_VSSCANF 1
#define HAVE_SIZECHANGE 1
#define HAVE_VA_COPY 1
#define HAVE___VA_COPY 1
#define HAVE_UNISTD_H 1
#define HAVE_FORK 1
#define HAVE_VFORK 1
#define HAVE_WORKING_VFORK 1
#define HAVE_WORKING_FORK 1
#define USE_OPENPTY_HEADER <util.h>
#define USE_XTERM_PTY 1
#define SIZEOF_WCHAR_T 4
#define HAVE_SLK_COLOR 1
#define HAVE_PANEL_H 1
#define HAVE_LIBPANEL 1
#define HAVE_MENU_H 1
#define HAVE_LIBMENU 1
#define HAVE_FORM_H 1
#define HAVE_LIBFORM 1
#define NCURSES_PATHSEP ':'
#define NCURSES_VERSION_STRING "6.0.20150808"
#define NCURSES_OSPEED_COMPAT 1


configure: exit 0
